[0.423s] Invoking command in '/home/jstone/Documents/graduation_project/T7/src/gazebo_tutorials': PYTHONPATH=/home/jstone/Documents/graduation_project/T7/build/gazebo_tutorials/prefix_override:/usr/lib/python3/dist-packages/colcon_core/task/python/colcon_distutils_commands:/home/jstone/Documents/graduation_project/T7/install/gazebo_tutorials/lib/python3.8/site-packages:${PYTHONPATH} /usr/bin/python3 -W ignore:setup.py install is deprecated setup.py egg_info --egg-base ../../build/gazebo_tutorials build --build-base /home/jstone/Documents/graduation_project/T7/build/gazebo_tutorials/build install --record /home/jstone/Documents/graduation_project/T7/build/gazebo_tutorials/install.log --single-version-externally-managed install_data
[0.570s] running egg_info
[0.570s] writing ../../build/gazebo_tutorials/gazebo_tutorials.egg-info/PKG-INFO
[0.570s] writing dependency_links to ../../build/gazebo_tutorials/gazebo_tutorials.egg-info/dependency_links.txt
[0.570s] writing entry points to ../../build/gazebo_tutorials/gazebo_tutorials.egg-info/entry_points.txt
[0.571s] writing requirements to ../../build/gazebo_tutorials/gazebo_tutorials.egg-info/requires.txt
[0.571s] writing top-level names to ../../build/gazebo_tutorials/gazebo_tutorials.egg-info/top_level.txt
[0.591s] reading manifest file '../../build/gazebo_tutorials/gazebo_tutorials.egg-info/SOURCES.txt'
[0.592s] writing manifest file '../../build/gazebo_tutorials/gazebo_tutorials.egg-info/SOURCES.txt'
[0.592s] running build
[0.592s] running build_py
[0.592s] running install
[0.592s] running install_lib
[0.593s] running install_data
[0.593s] copying launch/turtlebot_launch.py -> /home/jstone/Documents/graduation_project/T7/install/gazebo_tutorials/share/gazebo_tutorials/launch
[0.593s] running install_egg_info
[0.594s] removing '/home/jstone/Documents/graduation_project/T7/install/gazebo_tutorials/lib/python3.8/site-packages/gazebo_tutorials-0.0.0-py3.8.egg-info' (and everything under it)
[0.594s] Copying ../../build/gazebo_tutorials/gazebo_tutorials.egg-info to /home/jstone/Documents/graduation_project/T7/install/gazebo_tutorials/lib/python3.8/site-packages/gazebo_tutorials-0.0.0-py3.8.egg-info
[0.594s] running install_scripts
[0.604s] writing list of installed files to '/home/jstone/Documents/graduation_project/T7/build/gazebo_tutorials/install.log'
[0.615s] Invoked command in '/home/jstone/Documents/graduation_project/T7/src/gazebo_tutorials' returned '0': PYTHONPATH=/home/jstone/Documents/graduation_project/T7/build/gazebo_tutorials/prefix_override:/usr/lib/python3/dist-packages/colcon_core/task/python/colcon_distutils_commands:/home/jstone/Documents/graduation_project/T7/install/gazebo_tutorials/lib/python3.8/site-packages:${PYTHONPATH} /usr/bin/python3 -W ignore:setup.py install is deprecated setup.py egg_info --egg-base ../../build/gazebo_tutorials build --build-base /home/jstone/Documents/graduation_project/T7/build/gazebo_tutorials/build install --record /home/jstone/Documents/graduation_project/T7/build/gazebo_tutorials/install.log --single-version-externally-managed install_data
