running egg_info
writing ../../build/gazebo_tutorials/gazebo_tutorials.egg-info/PKG-INFO
writing dependency_links to ../../build/gazebo_tutorials/gazebo_tutorials.egg-info/dependency_links.txt
writing entry points to ../../build/gazebo_tutorials/gazebo_tutorials.egg-info/entry_points.txt
writing requirements to ../../build/gazebo_tutorials/gazebo_tutorials.egg-info/requires.txt
writing top-level names to ../../build/gazebo_tutorials/gazebo_tutorials.egg-info/top_level.txt
reading manifest file '../../build/gazebo_tutorials/gazebo_tutorials.egg-info/SOURCES.txt'
writing manifest file '../../build/gazebo_tutorials/gazebo_tutorials.egg-info/SOURCES.txt'
running build
running build_py
running install
running install_lib
running install_data
copying launch/launch_turtlebot.py -> /home/jstone/Documents/graduation_project/T7/install/gazebo_tutorials/share/gazebo_tutorials/launch
copying launch/launch_main.py -> /home/jstone/Documents/graduation_project/T7/install/gazebo_tutorials/share/gazebo_tutorials/launch
running install_egg_info
removing '/home/jstone/Documents/graduation_project/T7/install/gazebo_tutorials/lib/python3.8/site-packages/gazebo_tutorials-0.0.0-py3.8.egg-info' (and everything under it)
Copying ../../build/gazebo_tutorials/gazebo_tutorials.egg-info to /home/jstone/Documents/graduation_project/T7/install/gazebo_tutorials/lib/python3.8/site-packages/gazebo_tutorials-0.0.0-py3.8.egg-info
running install_scripts
writing list of installed files to '/home/jstone/Documents/graduation_project/T7/build/gazebo_tutorials/install.log'
