running egg_info
creating ../../build/gazebo_tutorials/gazebo_tutorials.egg-info
writing ../../build/gazebo_tutorials/gazebo_tutorials.egg-info/PKG-INFO
writing dependency_links to ../../build/gazebo_tutorials/gazebo_tutorials.egg-info/dependency_links.txt
writing entry points to ../../build/gazebo_tutorials/gazebo_tutorials.egg-info/entry_points.txt
writing requirements to ../../build/gazebo_tutorials/gazebo_tutorials.egg-info/requires.txt
writing top-level names to ../../build/gazebo_tutorials/gazebo_tutorials.egg-info/top_level.txt
writing manifest file '../../build/gazebo_tutorials/gazebo_tutorials.egg-info/SOURCES.txt'
reading manifest file '../../build/gazebo_tutorials/gazebo_tutorials.egg-info/SOURCES.txt'
writing manifest file '../../build/gazebo_tutorials/gazebo_tutorials.egg-info/SOURCES.txt'
running build
running build_py
creating /home/jstone/Documents/graduation_project/T7/build/gazebo_tutorials/build
creating /home/jstone/Documents/graduation_project/T7/build/gazebo_tutorials/build/lib
creating /home/jstone/Documents/graduation_project/T7/build/gazebo_tutorials/build/lib/gazebo_tutorials
copying gazebo_tutorials/__init__.py -> /home/jstone/Documents/graduation_project/T7/build/gazebo_tutorials/build/lib/gazebo_tutorials
running install
running install_lib
creating /home/jstone/Documents/graduation_project/T7/install/gazebo_tutorials/lib/python3.8/site-packages/gazebo_tutorials
copying /home/jstone/Documents/graduation_project/T7/build/gazebo_tutorials/build/lib/gazebo_tutorials/__init__.py -> /home/jstone/Documents/graduation_project/T7/install/gazebo_tutorials/lib/python3.8/site-packages/gazebo_tutorials
byte-compiling /home/jstone/Documents/graduation_project/T7/install/gazebo_tutorials/lib/python3.8/site-packages/gazebo_tutorials/__init__.py to __init__.cpython-38.pyc
running install_data
creating /home/jstone/Documents/graduation_project/T7/install/gazebo_tutorials/share/ament_index
creating /home/jstone/Documents/graduation_project/T7/install/gazebo_tutorials/share/ament_index/resource_index
creating /home/jstone/Documents/graduation_project/T7/install/gazebo_tutorials/share/ament_index/resource_index/packages
copying resource/gazebo_tutorials -> /home/jstone/Documents/graduation_project/T7/install/gazebo_tutorials/share/ament_index/resource_index/packages
copying package.xml -> /home/jstone/Documents/graduation_project/T7/install/gazebo_tutorials/share/gazebo_tutorials
running install_egg_info
Copying ../../build/gazebo_tutorials/gazebo_tutorials.egg-info to /home/jstone/Documents/graduation_project/T7/install/gazebo_tutorials/lib/python3.8/site-packages/gazebo_tutorials-0.0.0-py3.8.egg-info
running install_scripts
writing list of installed files to '/home/jstone/Documents/graduation_project/T7/build/gazebo_tutorials/install.log'
